# JRE version: Java(TM) SE Runtime Environment (21.0.2+13) (build 21.0.2+13-LTS-58)
# Java VM: Java HotSpot(TM) 64-Bit Server VM (21.0.2+13-LTS-58, mixed mode, sharing, tiered, compressed oops, compressed class ptrs, g1 gc, windows-amd64)
GC Precious Log:
 CardTable entry size: 512
 Card Set container configuration: InlinePtr #cards 5 size 8 Array Of Cards #cards 12 size 40 Howl #buckets 4 coarsen threshold 1843 Howl Bitmap #cards 512 size 80 coarsen threshold 460 Card regions per heap region 1 cards per card region 2048
 CPUs: 12 total, 12 available
 Memory: 8051M
 Large Page Support: Disabled
 NUMA Support: Disabled
 Compressed Oops: Enabled (32-bit)
 Heap Region Size: 1M
 Heap Min Capacity: 8M
 Heap Initial Capacity: 126M
 Heap Max Capacity: 2014M
 Pre-touch: Disabled
 Parallel Workers: 10
 Concurrent Workers: 3
 Concurrent Refinement Workers: 10
 Periodic GC: Disabled
Heap:
 garbage-first heap   total 202752K, used 849K [0x0000000082200000, 0x0000000100000000)
  region size 1024K, 1 young (1024K), 1 survivors (1024K)
 Metaspace       used 675K, committed 832K, reserved 1114112K
  class space    used 56K, committed 128K, reserved 1048576K
GC Heap History (17 events):
Event: 0.537 GC heap before
{Heap before GC invocations=0 (full 0):
 garbage-first heap   total 129024K, used 22528K [0x0000000082200000, 0x0000000100000000)
  region size 1024K, 23 young (23552K), 0 survivors (0K)
 Metaspace       used 674K, committed 832K, reserved 1114112K
  class space    used 56K, committed 128K, reserved 1048576K
}
Event: 0.543 GC heap after
{Heap after GC invocations=1 (full 0):
 garbage-first heap   total 129024K, used 870K [0x0000000082200000, 0x0000000100000000)
  region size 1024K, 1 young (1024K), 1 survivors (1024K)
 Metaspace       used 674K, committed 832K, reserved 1114112K
  class space    used 56K, committed 128K, reserved 1048576K
}
Event: 0.596 GC heap before
{Heap before GC invocations=1 (full 0):
 garbage-first heap   total 129024K, used 35686K [0x0000000082200000, 0x0000000100000000)
  region size 1024K, 36 young (36864K), 1 survivors (1024K)
 Metaspace       used 675K, committed 832K, reserved 1114112K
  class space    used 56K, committed 128K, reserved 1048576K
}
Event: 0.601 GC heap after
{Heap after GC invocations=2 (full 0):
 garbage-first heap   total 129024K, used 806K [0x0000000082200000, 0x0000000100000000)
  region size 1024K, 1 young (1024K), 1 survivors (1024K)
 Metaspace       used 675K, committed 832K, reserved 1114112K
  class space    used 56K, committed 128K, reserved 1048576K
}
Event: 0.692 GC heap before
{Heap before GC invocations=2 (full 0):
 garbage-first heap   total 129024K, used 75558K [0x0000000082200000, 0x0000000100000000)
  region size 1024K, 75 young (76800K), 1 survivors (1024K)
 Metaspace       used 675K, committed 832K, reserved 1114112K
  class space    used 56K, committed 128K, reserved 1048576K
}
Event: 0.696 GC heap after
{Heap after GC invocations=3 (full 0):
 garbage-first heap   total 129024K, used 839K [0x0000000082200000, 0x0000000100000000)
  region size 1024K, 1 young (1024K), 1 survivors (1024K)
 Metaspace       used 675K, committed 832K, reserved 1114112K
  class space    used 56K, committed 128K, reserved 1048576K
}
Event: 0.736 GC heap before
{Heap before GC invocations=3 (full 0):
 garbage-first heap   total 129024K, used 75591K [0x0000000082200000, 0x0000000100000000)
  region size 1024K, 75 young (76800K), 1 survivors (1024K)
 Metaspace       used 675K, committed 832K, reserved 1114112K
  class space    used 56K, committed 128K, reserved 1048576K
}
Event: 0.740 GC heap after
{Heap after GC invocations=4 (full 0):
 garbage-first heap   total 129024K, used 798K [0x0000000082200000, 0x0000000100000000)
  region size 1024K, 1 young (1024K), 1 survivors (1024K)
 Metaspace       used 675K, committed 832K, reserved 1114112K
  class space    used 56K, committed 128K, reserved 1048576K
}
Event: 0.774 GC heap before
{Heap before GC invocations=4 (full 0):
 garbage-first heap   total 129024K, used 75550K [0x0000000082200000, 0x0000000100000000)
  region size 1024K, 75 young (76800K), 1 survivors (1024K)
 Metaspace       used 675K, committed 832K, reserved 1114112K
  class space    used 56K, committed 128K, reserved 1048576K
}
Event: 0.778 GC heap after
{Heap after GC invocations=5 (full 0):
 garbage-first heap   total 202752K, used 850K [0x0000000082200000, 0x0000000100000000)
  region size 1024K, 1 young (1024K), 1 survivors (1024K)
 Metaspace       used 675K, committed 832K, reserved 1114112K
  class space    used 56K, committed 128K, reserved 1048576K
}
Event: 0.973 GC heap before
{Heap before GC invocations=5 (full 0):
 garbage-first heap   total 202752K, used 119634K [0x0000000082200000, 0x0000000100000000)
  region size 1024K, 118 young (120832K), 1 survivors (1024K)
 Metaspace       used 675K, committed 832K, reserved 1114112K
  class space    used 56K, committed 128K, reserved 1048576K
}
Event: 0.977 GC heap after
{Heap after GC invocations=6 (full 0):
 garbage-first heap   total 202752K, used 897K [0x0000000082200000, 0x0000000100000000)
  region size 1024K, 1 young (1024K), 1 survivors (1024K)
 Metaspace       used 675K, committed 832K, reserved 1114112K
  class space    used 56K, committed 128K, reserved 1048576K
}
Event: 1.048 GC heap before
{Heap before GC invocations=6 (full 0):
 garbage-first heap   total 202752K, used 119681K [0x0000000082200000, 0x0000000100000000)
  region size 1024K, 118 young (120832K), 1 survivors (1024K)
 Metaspace       used 675K, committed 832K, reserved 1114112K
  class space    used 56K, committed 128K, reserved 1048576K
}
Event: 1.052 GC heap after
{Heap after GC invocations=7 (full 0):
 garbage-first heap   total 202752K, used 881K [0x0000000082200000, 0x0000000100000000)
  region size 1024K, 1 young (1024K), 1 survivors (1024K)
 Metaspace       used 675K, committed 832K, reserved 1114112K
  class space    used 56K, committed 128K, reserved 1048576K
}
Event: 1.130 GC heap before
{Heap before GC invocations=7 (full 0):
 garbage-first heap   total 202752K, used 119665K [0x0000000082200000, 0x0000000100000000)
  region size 1024K, 118 young (120832K), 1 survivors (1024K)
 Metaspace       used 675K, committed 832K, reserved 1114112K
  class space    used 56K, committed 128K, reserved 1048576K
}
Event: 1.134 GC heap after
{Heap after GC invocations=8 (full 0):
 garbage-first heap   total 202752K, used 850K [0x0000000082200000, 0x0000000100000000)
  region size 1024K, 1 young (1024K), 1 survivors (1024K)
 Metaspace       used 675K, committed 832K, reserved 1114112K
  class space    used 56K, committed 128K, reserved 1048576K
}
Event: 1.200 GC heap before
{Heap before GC invocations=8 (full 0):
 garbage-first heap   total 202752K, used 119634K [0x0000000082200000, 0x0000000100000000)
  region size 1024K, 118 young (120832K), 1 survivors (1024K)
 Metaspace       used 675K, committed 832K, reserved 1114112K
  class space    used 56K, committed 128K, reserved 1048576K
}

